/etc/build:
Wed Jan 16 14:53:19 1991 CST
/etc/build: success
Wed Jan 16 14:55:31 1991 CST

/etc/install: Coh_310 /dev/fha0 4
Wed Jan 16 14:56:56 1991 CST
/etc/install: disk 2 installed
/etc/install: disk 3 installed
/etc/install: disk 4 installed
/etc/install: success
Wed Jan 16 15:28:48 1991 CST

/etc/install: Drv_110.1 /dev/fha1 1
Wed Apr 17 12:46:34 1991 CDT
/etc/install: Drv_110 /dev/fha0 1
Wed Apr 17 12:47:36 1991 CDT
/etc/install: Drv_110 /dev/fha1 1
Wed Apr 17 12:47:57 1991 CDT
/etc/install: disk 1 installed
/etc/install: success
Wed Apr 17 12:53:20 1991 CDT

/etc/install: CohUpd320 /dev/fva0 2
Fri Sep 13 15:14:50 1991 CDT
/etc/install: disk 1 installed
/etc/install: disk 2 installed
/etc/install: success
Fri Sep 13 15:29:23 1991 CDT

