/etc/build:
Tue Jul 21 07:56:28 1992 CDT
/etc/build: success
Tue Jul 21 08:00:09 1992 CDT

/etc/install: Coh_400 /dev/fha0 6
Tue Jul 21 08:01:56 1992 CDT
/etc/install: disk 2 installed
/etc/install: disk 5 installed
/etc/install: disk 4 installed
/etc/install: disk 3 installed
/etc/install: disk 6 installed
/etc/install: success
Tue Jul 21 08:24:39 1992 CDT

/etc/install: Coh65 /dev/fva0 1
Thu Oct 22 09:06:02 1992 CDT
/etc/install: disk 1 installed
/etc/install: success
Thu Oct 22 09:09:22 1992 CDT

/etc/install: Drv_200 /dev/fha1 1
Mon Nov 16 08:36:51 1992 CST
/etc/install: disk 1 installed
/etc/install: success
Mon Nov 16 08:42:14 1992 CST

/etc/install: upd2tay /dev/fva0 1
Thu Nov 19 06:45:48 1992 CST
/etc/install: disk 1 installed
/etc/install: success
Thu Nov 19 07:00:33 1992 CST

/etc/install: upd2tay /dev/fva0 1
Thu Nov 19 07:01:19 1992 CST
/etc/install: disk 1 installed
/etc/install: success
Thu Nov 19 07:05:53 1992 CST

/etc/install: upd2tay /dev/fva0 1
Thu Nov 19 07:42:48 1992 CST
/etc/install: upd2tay /dev/fva0 1
Thu Nov 19 07:46:00 1992 CST
/etc/install: upd2tay /dev/fva0 1
Thu Nov 19 07:47:22 1992 CST
/etc/install: disk 1 installed
/etc/install: success
Thu Nov 19 07:53:07 1992 CST

/etc/install: upd2tay /dev/fva0 1
Thu Nov 19 07:56:35 1992 CST
/etc/install: disk 1 installed
/etc/install: success
Thu Nov 19 08:00:58 1992 CST

/etc/install: upd2tay /dev/fva0 1
Thu Nov 19 08:06:34 1992 CST
/etc/install: disk 1 installed
/etc/install: success
Thu Nov 19 08:09:25 1992 CST

/etc/install: Coh69+ /dev/fva0 1
Thu Dec  3 08:17:09 1992 CST
/etc/install: disk 1 installed
/etc/install: success
Thu Dec  3 08:20:59 1992 CST

/etc/install: MLP /dev/fva0 1
Fri Jun 18 10:58:52 1993 CDT
/etc/install: MLP /dev/fva0 1
Fri Jun 18 10:59:08 1993 CDT
/etc/install: disk 1 installed
/etc/install: success
Fri Jun 18 11:03:51 1993 CDT

/etc/install: MLP /dev/fva0 1
Mon Jul 19 07:02:45 1993 CDT
/etc/install: disk 1 installed
/etc/install: success
Mon Jul 19 07:03:35 1993 CDT

/etc/install: tc /dev/fha1 1
Fri Aug 13 04:02:55 1993 CDT
/etc/install: success
Fri Aug 13 04:04:38 1993 CDT
/etc/install: tc /dev/fha1 1
Fri Aug 13 04:04:49 1993 CDT
/etc/install: tc /dev/fha1 1
Fri Aug 13 04:05:21 1993 CDT
/etc/install: success
Fri Aug 13 04:05:54 1993 CDT

/etc/install: tc /dev/fha1 1
Fri Aug 13 04:05:58 1993 CDT
